<?xml version="1.0" encoding="UTF-8"?>
<!-- Generated by org.testng.reporters.JUnitReportReporter -->
<testsuite skipped="0" hostname="LeepaReddy" name="test.demotest" tests="1" failures="0" timestamp="27 Aug 2019 09:17:00 GMT" time="41.535" errors="0">
  <testcase name="testone" time="41.535" classname="test.demotest"/>
</testsuite> <!-- test.demotest -->
